SF:lib/domain/models/diet.dart
DA:9,1
DA:18,1
DA:19,1
DA:20,1
DA:21,1
DA:22,2
DA:23,2
DA:24,2
DA:25,2
DA:29,1
DA:30,1
DA:31,1
DA:32,1
DA:33,1
DA:34,1
DA:35,1
DA:36,1
DA:45,1
DA:47,1
DA:48,1
DA:49,1
DA:50,1
DA:51,3
DA:52,1
DA:56,1
DA:57,1
DA:58,1
DA:59,5
DA:64,1
DA:65,5
DA:66,1
DA:67,5
DA:68,1
DA:69,5
DA:70,1
DA:71,5
DA:77,1
DA:79,1
DA:80,1
DA:81,1
DA:82,3
DA:83,1
DA:87,1
DA:88,6
DA:92,1
DA:93,5
DA:94,1
DA:95,5
DA:96,1
DA:97,5
DA:98,1
DA:99,5
LF:52
LH:52
end_of_record
SF:lib/core/services/firebase_authentication_service.dart
DA:9,0
DA:12,0
DA:13,0
DA:15,0
DA:16,0
DA:18,0
DA:19,0
DA:20,0
DA:21,0
DA:22,0
DA:23,0
DA:24,0
DA:25,0
DA:26,0
DA:29,0
DA:30,0
DA:31,0
DA:32,0
DA:34,0
DA:37,0
DA:41,0
DA:44,0
DA:46,0
DA:50,0
DA:57,0
DA:58,0
DA:61,0
DA:64,0
DA:65,0
DA:67,0
DA:68,0
DA:70,0
DA:71,0
DA:72,0
DA:73,0
DA:74,0
DA:75,0
DA:76,0
DA:77,0
DA:78,0
DA:80,0
DA:83,0
DA:87,0
DA:90,0
DA:94,0
DA:95,0
DA:96,0
DA:101,0
DA:106,0
DA:109,0
DA:110,0
DA:111,0
DA:112,0
DA:113,0
DA:118,0
DA:119,0
DA:120,0
DA:125,0
DA:126,0
DA:130,0
DA:132,0
DA:133,0
DA:134,0
DA:135,0
DA:136,0
DA:137,0
DA:138,0
DA:140,0
DA:143,0
DA:148,0
DA:149,0
DA:153,0
DA:155,0
DA:156,0
DA:157,0
DA:160,0
DA:165,0
DA:167,0
DA:169,0
DA:170,0
DA:171,0
DA:174,0
DA:179,0
DA:181,0
DA:183,0
DA:185,0
DA:186,0
DA:187,0
DA:188,0
DA:192,0
DA:195,0
LF:91
LH:0
end_of_record
SF:lib/domain/models/user.dart
DA:7,2
DA:9,1
DA:10,1
DA:11,1
DA:12,1
DA:13,1
DA:14,1
DA:18,1
DA:19,5
LF:9
LH:9
end_of_record
SF:lib/core/services/gemini_nutrition_service.dart
DA:8,0
DA:17,0
DA:24,0
DA:26,0
DA:27,0
DA:31,0
DA:34,0
DA:38,0
DA:39,0
DA:41,0
DA:46,0
DA:56,0
DA:84,0
DA:89,0
DA:93,0
DA:94,0
DA:95,0
DA:98,0
DA:99,0
DA:101,0
DA:102,0
DA:106,0
DA:112,0
DA:117,0
DA:126,0
DA:128,0
DA:129,0
DA:131,0
DA:136,0
DA:176,0
DA:178,0
DA:180,0
DA:181,0
DA:185,0
DA:188,0
DA:192,0
DA:193,0
DA:195,0
DA:200,0
DA:223,0
DA:225,0
DA:226,0
DA:228,0
LF:43
LH:0
end_of_record
SF:lib/core/theme/app_theme.dart
DA:4,0
DA:5,0
DA:7,0
DA:11,0
DA:12,0
DA:13,0
DA:14,0
DA:15,0
DA:18,0
DA:24,0
DA:25,0
DA:29,0
DA:30,0
DA:37,0
DA:38,0
DA:40,0
DA:44,0
DA:45,0
DA:46,0
DA:47,0
DA:48,0
DA:51,0
DA:57,0
DA:58,0
DA:62,0
DA:63,0
LF:26
LH:0
end_of_record
SF:lib/core/utils/validation_helper.dart
DA:2,2
DA:3,2
DA:7,2
DA:8,2
DA:15,2
DA:16,2
DA:20,4
LF:7
LH:7
end_of_record
SF:lib/firebase_options.dart
DA:18,0
DA:20,0
DA:25,0
DA:26,0
DA:27,0
DA:31,0
DA:33,0
DA:34,0
DA:38,0
DA:39,0
DA:43,0
DA:44,0
DA:49,0
LF:13
LH:0
end_of_record
SF:lib/main.dart
DA:14,0
DA:15,0
DA:19,0
DA:22,0
DA:23,0
DA:27,0
DA:28,0
DA:29,0
DA:31,0
DA:34,0
DA:37,0
DA:41,6
DA:44,0
DA:48,0
DA:53,0
DA:56,0
DA:57,0
DA:60,0
DA:61,0
DA:62,0
DA:63,0
DA:64,0
DA:65,0
DA:66,0
DA:75,0
DA:88,0
DA:89,0
DA:95,0
DA:96,0
DA:102,0
DA:106,0
DA:114,0
DA:115,0
DA:119,0
DA:122,0
DA:124,0
DA:127,0
DA:142,0
DA:144,0
DA:145,0
DA:146,0
DA:151,0
DA:152,0
LF:43
LH:1
end_of_record
SF:lib/presentation/screens/forgot_password_screen.dart
DA:10,2
DA:12,1
DA:13,1
DA:23,1
DA:25,2
DA:26,1
DA:29,0
DA:30,0
DA:32,0
DA:33,0
DA:34,0
DA:39,0
DA:40,0
DA:42,0
DA:43,0
DA:44,0
DA:48,0
DA:51,0
DA:52,0
DA:53,0
DA:56,0
DA:57,0
DA:58,0
DA:63,1
DA:65,1
DA:66,1
DA:67,1
DA:68,1
DA:70,1
DA:71,1
DA:72,2
DA:79,0
DA:80,0
DA:82,0
DA:85,0
DA:87,0
DA:88,0
DA:89,0
DA:92,0
DA:94,0
DA:98,0
DA:99,0
DA:100,0
DA:101,0
DA:102,0
DA:106,0
DA:107,0
DA:108,0
DA:116,1
DA:117,1
DA:120,1
DA:122,1
DA:124,5
DA:126,3
DA:141,1
DA:142,0
DA:144,0
DA:146,0
DA:147,0
DA:148,0
DA:149,0
DA:151,0
DA:152,0
DA:160,1
DA:161,1
DA:170,1
DA:171,0
DA:173,1
DA:176,1
DA:177,1
DA:178,1
DA:181,1
DA:184,1
DA:185,1
DA:187,0
DA:188,0
LF:76
LH:31
end_of_record
SF:lib/presentation/screens/login_screen.dart
DA:12,4
DA:14,2
DA:15,2
DA:26,2
DA:28,4
DA:29,4
DA:30,2
DA:33,1
DA:34,3
DA:36,2
DA:37,1
DA:38,1
DA:42,3
DA:43,2
DA:44,2
DA:48,2
DA:49,1
DA:50,1
DA:55,0
DA:56,0
DA:57,0
DA:58,0
DA:59,0
DA:60,0
DA:65,0
DA:66,0
DA:67,0
DA:72,2
DA:74,2
DA:75,2
DA:76,2
DA:78,2
DA:79,2
DA:80,2
DA:83,2
DA:85,2
DA:88,4
DA:93,2
DA:95,8
DA:97,4
DA:104,2
DA:106,6
DA:112,2
DA:113,1
DA:115,1
DA:117,1
DA:118,1
DA:119,1
DA:120,2
DA:122,1
DA:123,1
DA:131,2
DA:132,2
DA:141,2
DA:143,2
DA:146,2
DA:147,2
DA:148,2
DA:150,2
DA:154,2
DA:155,2
DA:156,2
DA:160,1
DA:161,2
DA:162,2
DA:168,2
DA:169,0
DA:171,2
DA:174,2
DA:176,2
DA:177,2
DA:179,1
DA:181,1
DA:183,1
DA:184,2
DA:185,2
DA:193,2
DA:196,2
DA:197,2
DA:198,2
DA:201,2
DA:204,2
DA:206,2
DA:208,2
DA:209,2
DA:211,1
DA:213,1
DA:215,1
DA:216,2
DA:217,2
LF:90
LH:80
end_of_record
SF:lib/presentation/screens/register_screen.dart
DA:10,2
DA:12,1
DA:13,1
DA:27,1
DA:29,2
DA:30,2
DA:31,2
DA:32,2
DA:33,1
DA:36,0
DA:37,0
DA:41,0
DA:48,0
DA:49,0
DA:53,0
DA:60,0
DA:61,0
DA:63,0
DA:64,0
DA:65,0
DA:69,0
DA:70,0
DA:71,0
DA:72,0
DA:76,0
DA:77,0
DA:78,0
DA:83,0
DA:84,0
DA:92,0
DA:93,0
DA:94,0
DA:95,0
DA:100,0
DA:101,0
DA:102,0
DA:107,1
DA:109,1
DA:110,1
DA:111,1
DA:112,1
DA:114,1
DA:115,1
DA:116,1
DA:119,1
DA:121,1
DA:123,4
DA:125,2
DA:132,1
DA:134,3
DA:140,1
DA:141,0
DA:143,0
DA:145,0
DA:146,0
DA:147,0
DA:148,0
DA:150,0
DA:151,0
DA:159,1
DA:160,1
DA:167,1
DA:168,1
DA:170,1
DA:173,1
DA:174,1
DA:183,1
DA:185,1
DA:188,1
DA:189,1
DA:190,1
DA:192,1
DA:196,1
DA:197,1
DA:198,1
DA:202,0
DA:203,0
DA:204,0
DA:210,1
DA:212,1
DA:215,1
DA:216,1
DA:217,1
DA:219,1
DA:223,1
DA:224,1
DA:225,1
DA:229,0
DA:230,0
DA:231,0
DA:236,1
DA:237,1
DA:238,0
DA:240,1
DA:243,1
DA:244,1
DA:245,1
DA:248,1
DA:251,1
DA:253,1
DA:255,1
DA:256,1
DA:258,0
DA:259,0
LF:104
LH:60
end_of_record
SF:lib/presentation/screens/diary_screen.dart
DA:7,0
DA:9,0
DA:11,0
DA:12,0
DA:16,0
DA:17,0
DA:19,0
DA:20,0
DA:22,0
DA:26,0
DA:28,0
DA:31,0
DA:33,0
DA:36,0
LF:14
LH:0
end_of_record
SF:lib/presentation/widgets/loading_button.dart
DA:10,2
DA:17,2
DA:19,2
DA:21,2
DA:22,2
DA:23,2
DA:24,2
DA:25,4
DA:26,2
DA:35,2
DA:36,2
LF:11
LH:11
end_of_record
SF:lib/presentation/screens/home_screen.dart
DA:9,0
DA:10,0
DA:12,0
DA:14,0
DA:15,0
DA:19,0
DA:20,0
DA:22,0
DA:29,0
DA:30,0
DA:31,0
DA:34,0
DA:36,0
DA:39,0
LF:14
LH:0
end_of_record
SF:lib/presentation/screens/main_screen.dart
DA:13,0
DA:14,0
DA:16,0
DA:17,0
DA:26,0
DA:28,0
DA:31,0
DA:32,0
DA:33,0
DA:34,0
DA:36,0
DA:37,0
DA:38,0
DA:39,0
DA:40,0
DA:45,0
DA:59,0
DA:60,0
DA:61,0
DA:65,0
DA:67,0
DA:68,0
DA:69,0
DA:70,0
DA:71,0
DA:72,0
DA:73,0
DA:79,0
DA:81,0
DA:83,0
DA:85,0
DA:86,0
DA:87,0
DA:97,0
DA:99,0
DA:100,0
DA:101,0
DA:102,0
DA:103,0
DA:104,0
LF:40
LH:0
end_of_record
SF:lib/presentation/screens/nutri_ai_screen.dart
DA:9,0
DA:11,0
DA:12,0
DA:28,0
DA:30,0
DA:31,0
DA:32,0
DA:35,0
DA:36,0
DA:37,0
DA:38,0
DA:39,0
DA:40,0
DA:44,0
DA:45,0
DA:46,0
DA:47,0
DA:52,0
DA:53,0
DA:54,0
DA:58,0
DA:59,0
DA:61,0
DA:62,0
DA:65,0
DA:68,0
DA:69,0
DA:70,0
DA:74,0
DA:75,0
DA:79,0
DA:80,0
DA:81,0
DA:86,0
DA:92,0
DA:94,0
DA:95,0
DA:96,0
DA:100,0
DA:101,0
DA:102,0
DA:103,0
DA:104,0
DA:105,0
DA:106,0
DA:107,0
DA:110,0
DA:111,0
DA:112,0
DA:114,0
DA:117,0
DA:118,0
DA:119,0
DA:120,0
DA:121,0
DA:128,0
DA:129,0
DA:130,0
DA:134,0
DA:135,0
DA:136,0
DA:141,0
DA:142,0
DA:143,0
DA:145,0
DA:146,0
DA:147,0
DA:148,0
DA:150,0
DA:151,0
DA:153,0
DA:158,0
DA:160,0
DA:163,0
DA:164,0
DA:165,0
DA:171,0
DA:172,0
DA:173,0
DA:187,0
DA:188,0
DA:189,0
DA:197,0
DA:198,0
DA:199,0
DA:200,0
DA:203,0
DA:204,0
DA:206,0
DA:207,0
DA:208,0
DA:209,0
DA:210,0
DA:211,0
DA:213,0
DA:216,0
DA:217,0
DA:221,0
DA:224,0
DA:225,0
DA:227,0
DA:228,0
DA:230,0
DA:231,0
DA:233,0
DA:234,0
DA:236,0
DA:238,0
DA:239,0
DA:240,0
DA:246,0
DA:247,0
DA:248,0
DA:249,0
DA:254,0
DA:256,0
DA:257,0
DA:259,0
DA:261,0
DA:263,0
DA:265,0
DA:267,0
DA:269,0
DA:271,0
DA:279,0
DA:286,0
DA:287,0
DA:288,0
DA:296,0
DA:297,0
DA:299,0
DA:300,0
DA:301,0
DA:309,0
DA:310,0
DA:312,0
DA:314,0
DA:315,0
DA:317,0
DA:318,0
DA:319,0
DA:321,0
DA:324,0
DA:327,0
DA:336,0
DA:337,0
DA:338,0
DA:340,0
DA:341,0
DA:343,0
DA:344,0
DA:349,0
DA:350,0
DA:351,0
DA:353,0
DA:354,0
DA:365,0
DA:366,0
DA:367,0
DA:369,0
DA:370,0
DA:381,0
DA:382,0
DA:383,0
DA:385,0
DA:387,0
DA:396,0
DA:397,0
DA:398,0
DA:412,0
DA:413,0
DA:415,0
DA:416,0
DA:418,0
DA:419,0
DA:421,0
DA:423,0
DA:424,0
DA:426,0
DA:427,0
DA:435,0
DA:436,0
DA:452,0
DA:453,0
DA:454,0
DA:455,0
DA:456,0
DA:458,0
DA:459,0
DA:465,0
DA:466,0
DA:467,0
DA:470,0
DA:471,0
DA:480,0
DA:481,0
DA:483,0
DA:497,0
DA:498,0
DA:500,0
DA:513,0
DA:519,0
DA:521,0
DA:522,0
DA:526,0
DA:528,0
DA:530,0
DA:532,0
DA:534,0
DA:536,0
DA:539,0
DA:541,0
DA:544,0
DA:546,0
DA:554,0
DA:555,0
DA:556,0
DA:558,0
DA:560,0
DA:561,0
DA:563,0
DA:568,0
DA:569,0
DA:572,0
DA:573,0
DA:579,0
DA:580,0
DA:591,0
DA:592,0
DA:603,0
DA:604,0
DA:627,0
DA:628,0
DA:629,0
DA:636,0
DA:637,0
DA:655,0
DA:656,0
DA:657,0
DA:664,0
DA:665,0
DA:666,0
DA:669,0
DA:670,0
DA:678,0
DA:679,0
DA:680,0
DA:682,0
DA:683,0
DA:684,0
DA:686,0
DA:690,0
DA:691,0
DA:693,0
DA:694,0
DA:709,0
DA:729,0
DA:730,0
DA:731,0
DA:732,0
DA:734,0
DA:735,0
DA:736,0
DA:738,0
DA:739,0
DA:740,0
DA:741,0
DA:750,0
DA:751,0
DA:753,0
DA:755,0
DA:759,0
DA:762,0
DA:763,0
DA:764,0
DA:765,0
DA:766,0
DA:771,0
DA:772,0
DA:773,0
DA:774,0
DA:776,0
DA:778,0
DA:779,0
DA:781,0
DA:782,0
DA:783,0
DA:786,0
DA:788,0
DA:789,0
DA:791,0
DA:793,0
DA:795,0
DA:797,0
DA:799,0
DA:801,0
DA:803,0
DA:813,0
DA:814,0
DA:815,0
DA:816,0
DA:818,0
DA:820,0
DA:823,0
DA:828,0
DA:829,0
DA:831,0
DA:832,0
DA:833,0
DA:836,0
DA:837,0
DA:839,0
DA:840,0
DA:842,0
DA:843,0
DA:845,0
DA:846,0
DA:847,0
DA:848,0
DA:851,0
DA:854,0
DA:856,0
DA:857,0
DA:859,0
DA:861,0
DA:863,0
DA:865,0
DA:867,0
DA:869,0
DA:871,0
DA:883,0
DA:889,0
DA:890,0
DA:892,0
DA:894,0
DA:896,0
DA:897,0
DA:899,0
DA:901,0
DA:902,0
DA:903,0
DA:904,0
DA:909,0
DA:910,0
DA:911,0
DA:916,0
DA:918,0
DA:920,0
DA:921,0
DA:922,0
DA:923,0
DA:928,0
DA:929,0
DA:930,0
DA:935,0
DA:936,0
DA:937,0
DA:942,0
DA:943,0
DA:944,0
DA:954,0
DA:956,0
DA:958,0
DA:961,0
DA:962,0
DA:964,0
DA:976,0
DA:984,0
DA:985,0
DA:987,0
DA:1010,0
DA:1011,0
DA:1012,0
DA:1013,0
DA:1015,0
DA:1017,0
DA:1021,0
LF:377
LH:0
end_of_record
SF:lib/presentation/screens/profile_screen.dart
DA:10,0
DA:11,0
DA:13,0
DA:15,0
DA:16,0
DA:19,0
DA:20,0
DA:22,0
DA:23,0
DA:26,0
DA:27,0
DA:29,0
DA:30,0
DA:32,0
DA:40,0
DA:42,0
DA:44,0
DA:46,0
DA:48,0
DA:49,0
DA:52,0
DA:56,0
DA:57,0
DA:58,0
DA:62,0
DA:63,0
DA:64,0
DA:68,0
DA:72,0
DA:74,0
DA:81,0
DA:85,0
DA:87,0
DA:94,0
DA:98,0
DA:100,0
DA:107,0
DA:111,0
DA:113,0
DA:126,0
DA:132,0
DA:134,0
DA:136,0
DA:137,0
DA:138,0
DA:140,0
DA:141,0
DA:142,0
LF:48
LH:0
end_of_record
SF:lib/core/services/mock_authentication_service.dart
DA:9,2
DA:12,2
DA:14,2
DA:15,2
DA:16,1
DA:23,1
DA:25,1
DA:29,1
DA:32,1
DA:34,2
DA:36,1
DA:39,1
DA:41,1
LF:13
LH:13
end_of_record
